C51 COMPILER V9.52.0.0   KEY                                                               08/17/2016 12:09:39 PAGE 1   


C51 COMPILER V9.52.0.0, COMPILATION OF MODULE KEY
OBJECT MODULE PLACED IN key.OBJ
COMPILER INVOKED BY: C:\Keil\C51\BIN\c51.exe key.c DB OE BR INCDIR(C:\SiLabs\MCU\Inc)

line level    source

   1          #include"key.h"
*** WARNING C318 IN LINE 1 OF key.c: can't open file 'key.h'
   2          #include"HT1621B.H" 
*** WARNING C318 IN LINE 2 OF key.c: can't open file 'HT1621B.H'
   3          u16 xdata Key1TimerCount=0,Key2TimerCount=0,Key3TimerCount=0,Key4TimerCount=0;
*** ERROR C129 IN LINE 3 OF key.c: missing ';' before 'xdata'
   4          bit Key1TriggerFlag,Key2TriggerFlag,Key3TriggerFlag,Key4TriggerFlag,KeyTriggerOK;
   5          u8 KeyNum;
   6          
   7          void Timer0Init(void)           //5毫秒@12.000MHz
   8          {
   9          //      AUXR &= 0x7F;           //定时器时钟12T模式
  10                  TMOD &= 0xF0;           //设置定时器模式
  11                  TMOD |= 0x01;           //设置定时器模式
  12              CKCON &=0XF8;       //设置定时器时钟选择
  13              CKCON |=0X02;       //设置定时器时钟system/48=1.02MHz
  14                  TL0 = TimerLow;         //设置定时初值
  15                  TH0 = TimerHigh;                //设置定时初值
  16                  TF0 = 0;                //清除TF0标志
  17                  TR0 = 1;                //定时器0开始计时
  18              ET0=1;
  19              EA=1;
  20          }
  21          /*****************************************************
  22          按键初始化程序
  23          ******************************************************/
  24          void KeyInit()
  25          {      
  26              P1MDIN|=0X3D;
  27              P1MDOUT&=0xD3;  
  28              P1SKIP&=0xD3;
  29              Key1=1;
  30              Key2=1;
  31              Key3=1;
  32              Key4=1;
  33              Key1TimerCount=0; 
  34              Key2TimerCount=0; 
  35              Key3TimerCount=0; 
  36              Key4TimerCount=0; 
  37              KeyTriggerOK=0;
  38              Timer0Init();
  39          }
  40          /*****************************************************
  41          按键扫描，按键值存入KeyNum，有按键按下时KeyTriggerOK=1;
  42          必须处理了按键程序才可以复位KeyNum和KeyTriggerOK。四个
  43          按键，理论上只考虑两个组合此程序KeyNum有2*4*7=56种组合；
  44          ******************************************************/
  45          void Keyscan()
  46          {
  47          static u8 xdata KeyNumTemp;
  48             if(Key1==0||Key2==0||Key3==0||Key4==0) 
  49             {
  50                 if(Key1==0){
  51                        Key1TriggerFlag=1;
  52                        KeyNumTemp|=KeyUp;
C51 COMPILER V9.52.0.0   KEY                                                               08/17/2016 12:09:39 PAGE 2   

  53                 }
  54                 else{
  55                        if(Key1TimerCount<=KeyShort){  
  56                             KeyNumTemp&=~KeyUp;
  57                        }
  58                       else if((KeyShort<Key1TimerCount)&&(Key1TimerCount<KeyLong)){
  59                             KeyNumTemp|=KeyUp;
  60                        }
  61                       else{
  62                             KeyNumTemp&=~KeyUp;
  63                             KeyNumTemp|=KeyUpLong;
  64                       }
  65                     Key1TimerCount=0;
  66                     Key1TriggerFlag=0;
  67                 }         
  68                if(Key2==0){
  69                       Key2TriggerFlag=1;
  70                       KeyNumTemp|=KeyDown;
  71                 }
  72                 else{
  73                        if(Key2TimerCount<=KeyShort){  
  74                             KeyNumTemp&=~KeyDown;
  75                        }
  76                       else if((KeyShort<Key2TimerCount)&&(Key2TimerCount<KeyLong)){
  77                             KeyNumTemp|=KeyDown;
  78                        }
  79                       else{
  80                         KeyNumTemp&=~KeyDown;
  81                         KeyNumTemp|=KeyDownLong;
  82                       }
  83                      Key2TimerCount=0;
  84                      Key2TriggerFlag=0;
  85                 }
  86                 if(Key3==0){
  87                       Key3TriggerFlag=1;
  88                       KeyNumTemp|=KeyEnter;
  89                 }
  90                 else{
  91                        if(Key3TimerCount<=KeyShort){  
  92                             KeyNumTemp&=~KeyEnter;
  93                        }
  94                       else if((KeyShort<Key3TimerCount)&&(Key3TimerCount<KeyLong)){
  95                             KeyNumTemp|=KeyEnter;
  96                        }
  97                       else{
  98                         KeyNumTemp&=~KeyEnter;
  99                         KeyNumTemp|=KeyEnterLong;
 100                       }
 101                       Key3TimerCount=0;
 102                       Key3TriggerFlag=0;
 103                 }
 104                 if(Key4==0){
 105                       Key4TriggerFlag=1;
 106                       KeyNumTemp|=KeyBack;
 107                 }
 108                 else{
 109                        if(Key4TimerCount<=KeyShort){  
 110                             KeyNumTemp&=~KeyBack;
 111                        }
 112                       else if((KeyShort<Key4TimerCount)&&(Key4TimerCount<KeyLong)){
 113                             KeyNumTemp|=KeyBack;
 114                        }
C51 COMPILER V9.52.0.0   KEY                                                               08/17/2016 12:09:39 PAGE 3   

 115                       else{
 116                         KeyNumTemp&=~KeyBack;
 117                         KeyNumTemp|=KeyBackLong;
 118                       }
 119                     Key4TimerCount=0;
 120                     Key4TriggerFlag=0;
 121                 }
 122             }
 123             else{
 124               KeyNum=KeyNumTemp;
 125               KeyNumTemp=0; 
 126               if(KeyNum!=0)
 127                  KeyTriggerOK=1;
 128              }
 129          }
 130          void timer0() interrupt  1 
 131          {
 132                  TL0 = TimerLow;         //设置定时初值
 133                  TH0 = TimerHigh;                //设置定时初值
 134              Foold_Lcd_TimeCount++;
 135              Keyscan();
 136              if(Key1TriggerFlag)
 137                  Key1TimerCount++;
 138              if(Key2TriggerFlag)
 139                  Key2TimerCount++;
 140              if(Key3TriggerFlag)
 141                  Key3TimerCount++;
 142              if(Key4TriggerFlag)
 143                  Key4TimerCount++;
 144          }

C51 COMPILATION COMPLETE.  2 WARNING(S),  1 ERROR(S)
