C51 COMPILER V9.52.0.0   TIMER                                                             08/23/2016 16:58:59 PAGE 1   


C51 COMPILER V9.52.0.0, COMPILATION OF MODULE TIMER
OBJECT MODULE PLACED IN Timer.OBJ
COMPILER INVOKED BY: C:\Keil\C51\BIN\C51.EXE Timer.c OMF2 BROWSE INCDIR(.\include) DEBUG TABS(2)

line level    source

   1          #include "Headtype.h"
   2          #include"intrins.h"
   3          
   4          //#define STOP_DELAY  200*4   //200*5ms*9=9s,延时多久只需要改这个参数
   5          //=============================================================================
   6          //函数名称:Timer0Init
   7          //功能概要:定时器0初始化函数
   8          //参数名称:无
   9          //函数返回:无
  10          //注意    :无
  11          //=============================================================================
  12          void Timer0Init(void)   //5毫秒@12.000MHz
  13          {
  14   1      //  AUXR &= 0x7F;   //定时器时钟12T模式
  15   1        TMOD &= 0xF0;   //设置定时器模式
  16   1        TMOD |= 0x01;   //设置定时器模式
  17   1        CKCON &=0XF8;       //设置定时器时钟选择
  18   1        CKCON |=0X02;       //设置定时器时钟system/48=1.02MHz
  19   1        TL0 = TimerLow;   //设置定时初值
  20   1        TH0 = TimerHigh;    //设置定时初值
  21   1        TF0 = 0;    //清除TF0标志
  22   1        TR0 = 1;    //定时器0开始计时
  23   1        ET0=1;
  24   1        EA=1;
  25   1      }
  26          //=============================================================================
  27          //函数名称:timer0
  28          //功能概要:定时器0中断服务函数
  29          //参数名称:无
  30          //函数返回:无
  31          //注意    :无
  32          //=============================================================================
  33          void timer0() interrupt  1 
  34          {
  35   1        static u16 stop_delay_time;
  36   1        TL0 = TimerLow;   //设置定时初值
  37   1        TH0 = TimerHigh;    //设置定时初值
  38   1        if(Start_Signal ==1){
  39   2          Speed_Step = Start_Motor1(Speed_Step);
  40   2        }
  41   1        if(Stop_Signal == 1){
  42   2          Speed_Step = Stop_Motor1(Speed_Step);
  43   2        }
  44   1        if(Stop_Delay == 1){
  45   2          stop_delay_time++;
  46   2          if(stop_delay_time >= STOP_DELAY){
  47   3            Stop_Ok = 1;
  48   3            Stop_Delay = 0;
  49   3            stop_delay_time = 0;
  50   3          }
  51   2        }
  52   1      }
  53          


C51 COMPILER V9.52.0.0   TIMER                                                             08/23/2016 16:58:59 PAGE 2   

MODULE INFORMATION:   STATIC OVERLAYABLE
   CODE SIZE        =    150    ----
   CONSTANT SIZE    =   ----    ----
   XDATA SIZE       =   ----    ----
   PDATA SIZE       =   ----    ----
   DATA SIZE        =      2    ----
   IDATA SIZE       =   ----    ----
   BIT SIZE         =   ----    ----
   EDATA SIZE       =   ----    ----
   HDATA SIZE       =   ----    ----
   XDATA CONST SIZE =   ----    ----
   FAR CONST SIZE   =   ----    ----
END OF MODULE INFORMATION.


C51 COMPILATION COMPLETE.  0 WARNING(S),  0 ERROR(S)
