Removed Pin From Net: NetName=24V0 Pin=CH3-1
Removed Pin From Net: NetName=+24V Pin=CH3-2
Removed Pin From Net: NetName=SIN33 Pin=CH3-3
Removed Pin From Net: NetName=SIN32 Pin=CH3-4
Removed Pin From Net: NetName=SIN31 Pin=CH3-5
Removed Pin From Net: NetName=KIN3 Pin=CH3-6
Removed Pin From Net: NetName=LED3 Pin=CH3-7
Removed Pin From Net: NetName=M3 Pin=CH3-8
Removed Pin From Net: NetName=24V0 Pin=CH4-1
Removed Pin From Net: NetName=+24V Pin=CH4-2
Removed Pin From Net: NetName=SIN43 Pin=CH4-3
Removed Pin From Net: NetName=SIN42 Pin=CH4-4
Removed Pin From Net: NetName=SIN41 Pin=CH4-5
Removed Pin From Net: NetName=KIN4 Pin=CH4-6
Removed Pin From Net: NetName=LED4 Pin=CH4-7
Removed Pin From Net: NetName=M4 Pin=CH4-8
Added Pin To Net: NetName=M3 Pin=CH3-1
Added Pin To Net: NetName=LED3 Pin=CH3-2
Added Pin To Net: NetName=KIN3 Pin=CH3-3
Added Pin To Net: NetName=SIN31 Pin=CH3-4
Added Pin To Net: NetName=SIN32 Pin=CH3-5
Added Pin To Net: NetName=SIN33 Pin=CH3-6
Added Pin To Net: NetName=+24V Pin=CH3-7
Added Pin To Net: NetName=24V0 Pin=CH3-8
Added Pin To Net: NetName=M4 Pin=CH4-1
Added Pin To Net: NetName=LED4 Pin=CH4-2
Added Pin To Net: NetName=KIN4 Pin=CH4-3
Added Pin To Net: NetName=SIN41 Pin=CH4-4
Added Pin To Net: NetName=SIN42 Pin=CH4-5
Added Pin To Net: NetName=SIN43 Pin=CH4-6
Added Pin To Net: NetName=+24V Pin=CH4-7
Added Pin To Net: NetName=24V0 Pin=CH4-8
