Change Component Designator: Old Designator=C? New Designator=C25
Change Component Designator: Old Designator=C? New Designator=C34
Change Component Designator: Old Designator=C? New Designator=C35
Change Component Designator: Old Designator=C? New Designator=C36
Change Component Designator: Old Designator=C? New Designator=C37
Change Component Designator: Old Designator=C? New Designator=C38
Change Component Designator: Old Designator=C? New Designator=C55
Change Component Designator: Old Designator=C? New Designator=C80
Change Component Designator: Old Designator=C? New Designator=C83
Change Component Designator: Old Designator=C? New Designator=C84
Change Component Designator: Old Designator=C? New Designator=C85
Change Component Designator: Old Designator=C? New Designator=C86
Change Component Designator: Old Designator=C? New Designator=C87
Change Component Designator: Old Designator=CH? New Designator=CH26
Change Component Designator: Old Designator=CH? New Designator=CH27
Change Component Designator: Old Designator=CH? New Designator=CH28
Change Component Designator: Old Designator=CH? New Designator=CH29
Change Component Designator: Old Designator=CH? New Designator=CH30
Change Component Designator: Old Designator=CH? New Designator=CH31
Change Component Designator: Old Designator=CH? New Designator=CH32
Change Component Designator: Old Designator=D? New Designator=D9
Change Component Designator: Old Designator=D? New Designator=D10
Change Component Designator: Old Designator=Q? New Designator=Q9
Change Component Designator: Old Designator=Q? New Designator=Q10
Change Component Designator: Old Designator=R? New Designator=R17
Change Component Designator: Old Designator=R? New Designator=R18
Change Component Designator: Old Designator=R? New Designator=R19
Change Component Designator: Old Designator=R? New Designator=R20
Change Component Designator: Old Designator=R? New Designator=R22
Change Component Designator: Old Designator=R? New Designator=R23
Change Component Designator: Old Designator=R? New Designator=R24
Change Component Designator: Old Designator=R? New Designator=R25
Change Component Designator: Old Designator=R? New Designator=R77
Change Component Designator: Old Designator=R? New Designator=R78
Change Component Designator: Old Designator=R? New Designator=R79
Change Component Designator: Old Designator=R? New Designator=R80
Change Component Designator: Old Designator=R? New Designator=R81
Change Component Designator: Old Designator=R? New Designator=R82
Change Component Designator: Old Designator=R? New Designator=R83
Change Component Designator: Old Designator=R? New Designator=R85
Change Component Designator: Old Designator=R? New Designator=R86
Change Component Designator: Old Designator=R? New Designator=R87
Change Component Designator: Old Designator=R? New Designator=R88
Change Component Designator: Old Designator=R? New Designator=R89
Change Component Designator: Old Designator=R? New Designator=R112
Change Component Designator: Old Designator=R? New Designator=R113
Change Component Designator: Old Designator=R? New Designator=R114
Change Component Part ID : Designator=U1 Old Part ID =2 New Part ID =3
Change Component Part ID : Designator=U1 Old Part ID =3 New Part ID =2
Change Component Part ID : Designator=U2 Old Part ID =1 New Part ID =2
Change Component Part ID : Designator=U2 Old Part ID =2 New Part ID =4
Change Component Part ID : Designator=U2 Old Part ID =3 New Part ID =1
Change Component Part ID : Designator=U2 Old Part ID =4 New Part ID =3
Change Component Part ID : Designator=U3 Old Part ID =2 New Part ID =3
Change Component Part ID : Designator=U3 Old Part ID =3 New Part ID =2
Change Component Designator: Old Designator=U? New Designator=U16
Change Component Designator: Old Designator=U? New Designator=U22
Change Component Part ID : Designator=U22 Old Part ID =1 New Part ID =2
Change Component Designator: Old Designator=U? New Designator=U16
Change Component Designator: Old Designator=U? New Designator=U22
Change Component Part ID : Designator=U22 Old Part ID =2 New Part ID =3
Change Component Designator: Old Designator=U? New Designator=U16
Change Component Designator: Old Designator=U? New Designator=U22
Change Component Part ID : Designator=U22 Old Part ID =3 New Part ID =1
Change Component Designator: Old Designator=U? New Designator=U22
Change Component Part ID : Designator=U22 Old Part ID =3 New Part ID =4
Change Component Designator: Old Designator=U? New Designator=U16
Change Component Designator: Old Designator=U? New Designator=U17
Change Component Designator: Old Designator=U? New Designator=U18
Change Component Designator: Old Designator=U? New Designator=U19
Change Component Designator: Old Designator=U? New Designator=U23
