Removed Pin From Net: NetName=NetR11_2 Pin=U1-3
Removed Pin From Net: NetName=NetR10_2 Pin=U1-5
Removed Pin From Net: NetName=NetQ6_1 Pin=U1-12
Removed Pin From Net: NetName=NetQ3_1 Pin=U1-14
Removed Pin From Net: NetName=NetR9_2 Pin=U2-1
Removed Pin From Net: NetName=NetR12_2 Pin=U2-7
Removed Pin From Net: NetName=NetQ8_1 Pin=U2-10
Removed Pin From Net: NetName=NetQ5_1 Pin=U2-12
Removed Pin From Net: NetName=NetQ4_1 Pin=U2-14
Removed Pin From Net: NetName=NetQ1_1 Pin=U2-16
Removed Pin From Net: NetName=NetR4_2 Pin=U3-3
Removed Pin From Net: NetName=NetR27_2 Pin=U3-5
Removed Pin From Net: NetName=NetR21_1 Pin=U3-12
Removed Pin From Net: NetName=NetR2_1 Pin=U3-14
Added Pin To Net: NetName=NetR10_2 Pin=U1-3
Added Pin To Net: NetName=NetR11_2 Pin=U1-5
Added Pin To Net: NetName=NetQ3_1 Pin=U1-12
Added Pin To Net: NetName=NetQ6_1 Pin=U1-14
Added Pin To Net: NetName=NetR12_2 Pin=U2-1
Added Pin To Net: NetName=NetR9_2 Pin=U2-7
Added Pin To Net: NetName=NetQ5_1 Pin=U2-10
Added Pin To Net: NetName=NetQ1_1 Pin=U2-12
Added Pin To Net: NetName=NetQ8_1 Pin=U2-14
Added Pin To Net: NetName=NetQ4_1 Pin=U2-16
Added Pin To Net: NetName=NetR27_2 Pin=U3-3
Added Pin To Net: NetName=NetR4_2 Pin=U3-5
Added Pin To Net: NetName=NetR2_1 Pin=U3-12
Added Pin To Net: NetName=NetR21_1 Pin=U3-14
Added Room: Name=Send_Medicine_Motor
