Change Component Comment : Designator=C13 Old Comment=CapB New Comment=Cap
Change Component Comment : Designator=C26 Old Comment=CapB New Comment=Cap
Change Component Comment : Designator=C28 Old Comment=CapB New Comment=Cap
Change Component Comment : Designator=C29 Old Comment=CapB New Comment=Cap
Change Component Comment : Designator=C30 Old Comment=CapB New Comment=Cap
Change Component Comment : Designator=C31 Old Comment=CapB New Comment=Cap
Change Component Comment : Designator=C32 Old Comment=CapB New Comment=Cap
Change Component Comment : Designator=C41 Old Comment=CapB New Comment=Cap
Change Component Comment : Designator=C43 Old Comment=CapB New Comment=Cap
Change Component Comment : Designator=C44 Old Comment=CapB New Comment=Cap
Change Component Comment : Designator=C46 Old Comment=CapB New Comment=Cap
Change Component Comment : Designator=C51 Old Comment=CapB New Comment=Cap
Change Component Comment : Designator=C52 Old Comment=CapB New Comment=Cap
Change Component Comment : Designator=C53 Old Comment=CapB New Comment=Cap
Change Component Comment : Designator=C58 Old Comment=CapB New Comment=Cap
Change Component Comment : Designator=C67 Old Comment=CapB New Comment=Cap
Change Component Comment : Designator=C68 Old Comment=CapB New Comment=Cap
Change Component Comment : Designator=C71 Old Comment=CapB New Comment=Cap
Change Component Comment : Designator=C75 Old Comment=CapB New Comment=Cap
Change Component Comment : Designator=C80 Old Comment=CapB New Comment=Cap
Change Component Comment : Designator=C83 Old Comment=CapB New Comment=Cap
Change Component Comment : Designator=C84 Old Comment=CapB New Comment=Cap
Change Component Comment : Designator=C87 Old Comment=CapB New Comment=Cap
Change Component Comment : Designator=C88 Old Comment=CapB New Comment=Cap
Change Component Comment : Designator=C89 Old Comment=CapB New Comment=Cap
Change Component Comment : Designator=C92 Old Comment=CapB New Comment=Cap
Change Component Comment : Designator=C93 Old Comment=CapB New Comment=Cap
Change Component Comment : Designator=C94 Old Comment=CapB New Comment=Cap
Change Component Comment : Designator=C9 Old Comment=Cap Pol3B New Comment=Cap Pol3
Change Component Comment : Designator=U11 Old Comment=LM293B New Comment=LM293
Change Component Comment : Designator=R10 Old Comment=Res2B New Comment=200R
Change Component Comment : Designator=R5 Old Comment=Res2B New Comment=Res2
Change Component Comment : Designator=R6 Old Comment=Res2B New Comment=Res2
Change Component Comment : Designator=R7 Old Comment=Res2B New Comment=Res2
Change Component Comment : Designator=R8 Old Comment=Res2B New Comment=Res2
Change Component Comment : Designator=R9 Old Comment=Res2B New Comment=Res2
Change Component Comment : Designator=R11 Old Comment=Res2B New Comment=Res2
Change Component Comment : Designator=R12 Old Comment=Res2B New Comment=Res2
Change Component Comment : Designator=R13 Old Comment=Res2B New Comment=Res2
Change Component Comment : Designator=R15 Old Comment=Res2B New Comment=Res2
Change Component Comment : Designator=R16 Old Comment=Res2B New Comment=Res2
Change Component Comment : Designator=R23 Old Comment=Res2B New Comment=Res2
Change Component Comment : Designator=R24 Old Comment=Res2B New Comment=Res2
Change Component Comment : Designator=R43 Old Comment=Res2B New Comment=Res2
Change Component Comment : Designator=R50 Old Comment=Res2B New Comment=Res2
Change Component Comment : Designator=R54 Old Comment=Res2B New Comment=Res2
Change Component Comment : Designator=R62 Old Comment=Res2B New Comment=Res2
Change Component Comment : Designator=R78 Old Comment=Res2B New Comment=Res2
Change Component Comment : Designator=R84 Old Comment=Res2B New Comment=Res2
Change Component Comment : Designator=R95 Old Comment=Res2B New Comment=Res2
Change Component Comment : Designator=R100 Old Comment=Res2B New Comment=Res2
Change Component Comment : Designator=R103 Old Comment=Res2B New Comment=Res2
Change Component Comment : Designator=U2 Old Comment=TLP280-4B New Comment=TLP280-4
