*PADS-PCB*
*PART*
C1     0805
C2     0805
C3     0805
C4     0805
C5     0805
C6     0805
C7     0805
C8     0805
C10    C7.8*17
C11    0805
C12    C5*10
C13    0805
C14    CAP A-3216
C15    0805
C16    CAP A-3216
C17    0805
C18    0805
C19    0805
C20    CAP A-3216
C21    0805
C22    CAP A-3216
C23    0805
C24    0805
C25    0805
C26    0805
C27    0805
C28    0805
C29    0805
C30    0805
C31    0805
C32    0805
C33    0805
C34    0805
C35    0805
C36    0805
C37    0805
C38    0805
C39    0805
C40    0805
C41    0805
C42    0805
C43    0805
C44    0805
C45    0805
C46    0805
C47    0805
C48    0805
C49    0805
C50    0805
C51    0805
C52    0805
C53    0805
C54    0805
C55    0805
C56    0805
C57    0805
C58    0805
C59    0805
C60    0805
C61    0805
C62    0805
C63    0805
C64    0805
C65    0805
C66    0805
C67    0805
C68    0805
C69    0805
C70    0805
C71    0805
C72    0805
C73    0805
C74    0805
C75    0805
C76    0805
C77    0805
C78    0805
C79    0805
C80    0805
C81    0805
C82    0805
C83    0805
C84    0805
C85    0805
C86    0805
C87    0805
C88    0805
C89    0805
C90    0805
C91    0805
C92    0805
C93    0805
C94    0805
CH1    CH3.96-8PIN
CH2    CH3.96-8PIN
CH3    CH3.96-8PIN
CH4    CH3.96-8PIN
CH5    CH3.96-8PIN
CH6    CH3.96-3PIN
CH25   CH3.96-4PIN
D1     SMA
D2     SMA
D3     SMA
D4     SMA
D5     SMA
D6     SMA
D7     SMA
D8     SMA
D9     SMA
D10    SMA
F1     X30UF900
JP1    CON4_1.5
LED1   LED-0805
LED2   LED-0805
LED3   LED-0805
Pad1   pad35
Pad2   pad35
Pad3   pad35
Pad4   pad35
Q1     TO-252
Q2     TO-252
Q3     TO-252
Q4     TO-252
Q5     TO-252
Q6     TO-252
Q7     TO-252
Q8     TO-252
Q9     TO-252
Q10    TO-252
R1     0805
R2     0805
R3     0805
R4     0805
R5     0805
R6     0805
R7     0805
R8     0805
R9     0805
R10    0805
R11    0805
R12    0805
R13    0805
R14    0805
R15    0805
R16    0805
R17    0805
R18    0805
R19    0805
R20    0805
R21    0805
R22    0805
R23    0805
R24    0805
R25    0805
R26    0805
R27    0805
R28    0805
R29    0805
R30    0805
R31    0805
R32    0805
R33    0805
R34    0805
R35    0805
R36    0805
R37    0805
R38    0805
R39    0805
R40    0805
R41    0805
R42    0805
R43    0805
R44    0805
R45    0805
R46    0805
R47    0805
R48    0805
R49    0805
R50    0805
R51    0805
R52    0805
R53    0805
R54    0805
R55    0805
R56    0805
R57    0805
R58    0805
R59    0805
R60    0805
R61    0805
R62    0805
R63    0805
R64    0805
R65    0805
R66    0805
R67    0805
R68    0805
R69    0805
R70    0805
R71    0805
R72    0805
R73    0805
R74    0805
R75    0805
R76    0805
R77    0805
R78    0805
R79    0805
R80    0805
R81    0805
R82    0805
R83    0805
R84    0805
R85    0805
R86    0805
R87    0805
R88    0805
R89    0805
R90    0805
R91    0805
R92    0805
R93    0805
R94    0805
R95    0805
R96    0805
R97    0805
R98    0805
R99    0805
R100   0805
R101   0805
R102   0805
R103   0805
R104   0805
R105   0805
R106   0805
R107   0805
R108   0805
R109   0805
R110   0805
R111   0805
R112   0805
R113   0805
R114   0805
U1     SO16
U2     SO16
U3     SO16
U4     SOP8-OP27
U5     SOP8-OP27
U6     SOP8-OP27
U7     SOP8-OP27
U8     SOP8-OP27
U9     SOP8-OP27
U10    SOP8-OP27
U11    SOP8-OP27
U12    SOP8-OP27
U13    SOP8-OP27
U14    SOP8-OP27
U15    SOP8-OP27
U16    SO16
U17    SOP8-OP27
U18    SOP8-OP27
U19    SOP8-OP27
U20    SOT223
U21    B2405XT-2WR2
U22    SO16
U23    SOP8-OP27
U24    USR-K3
U25    LQFP64
U26    SO16
U27    SO16
U28    SO16
U29    SO16
Y1     XTAL_US
*END*
